

Processing ApplicationController#index (for 127.0.0.1 at 2010-07-25 14:50:19) [GET]

SyntaxError (c:/Documents and Settings/lisam/dev/MacGregor-Joinery-Services/app/controllers/home_controller.rb:1: syntax error, unexpected '<'
<!DOCTYPE html PUBLIC "-//W3C//DTD XHTML 1.0 Transitional//EN"
 ^
c:/Documents and Settings/lisam/dev/MacGregor-Joinery-Services/app/controllers/home_controller.rb:3: syntax error, unexpected '<'
<html>
 ^
c:/Documents and Settings/lisam/dev/MacGregor-Joinery-Services/app/controllers/home_controller.rb:5: syntax error, unexpected tIDENTIFIER, expecting $end
...p-equiv="Content-type" content="text/html; charset=utf-8" />
                              ^):
  c:/Ruby/lib/ruby/1.8/webrick/httpserver.rb:104:in `service'
  c:/Ruby/lib/ruby/1.8/webrick/httpserver.rb:65:in `run'
  c:/Ruby/lib/ruby/1.8/webrick/server.rb:173:in `start_thread'
  c:/Ruby/lib/ruby/1.8/webrick/server.rb:162:in `start'
  c:/Ruby/lib/ruby/1.8/webrick/server.rb:162:in `start_thread'
  c:/Ruby/lib/ruby/1.8/webrick/server.rb:95:in `start'
  c:/Ruby/lib/ruby/1.8/webrick/server.rb:92:in `each'
  c:/Ruby/lib/ruby/1.8/webrick/server.rb:92:in `start'
  c:/Ruby/lib/ruby/1.8/webrick/server.rb:23:in `start'
  c:/Ruby/lib/ruby/1.8/webrick/server.rb:82:in `start'

Rendered rescues/_trace (31.3ms)
Rendered rescues/_request_and_response (0.0ms)
Rendering rescues/layout (internal_server_error)


Processing HomeController#index (for 127.0.0.1 at 2010-07-25 14:52:04) [GET]
Rendering home/index
Completed in 0ms (View: 0, DB: 0) | 200 OK [http://localhost/]
